<?xml version="1.0" encoding="UTF-8"?>
<!-- Generated by org.testng.reporters.JUnitReportReporter -->
<testsuite name="com.SnapdealTest" tests="6" time="58.658" ignored="0" failures="0" timestamp="12 Apr 2020 11:59:54 GMT" skipped="0" hostname="LAPTOP-DRQ9S1MN" errors="0">
  <testcase name="SelectingBrands" time="6.872" classname="com.SnapdealTest"/>
  <testcase name="SelectingPriceRange" time="4.265" classname="com.SnapdealTest"/>
  <testcase name="Mobiles" time="29.594" classname="com.SnapdealTest"/>
  <testcase name="FinallyCart" time="3.741" classname="com.SnapdealTest"/>
  <testcase name="SearchingSmartphones" time="11.116" classname="com.SnapdealTest"/>
  <testcase name="Screenshot" time="3.070" classname="com.SnapdealTest"/>
</testsuite> <!-- com.SnapdealTest -->
